{"/Users/mymacbook/Documents/guz/angular/virtual-grocery-store/server/app.js": {"path":"/Users/mymacbook/Documents/guz/angular/virtual-grocery-store/server/app.js","statementMap":{"0":{"start":{"line":1,"column":16},"end":{"line":1,"column":34}},"1":{"start":{"line":2,"column":13},"end":{"line":2,"column":28}},"2":{"start":{"line":3,"column":15},"end":{"line":3,"column":32}},"3":{"start":{"line":4,"column":15},"end":{"line":4,"column":34}},"4":{"start":{"line":6,"column":12},"end":{"line":6,"column":21}},"5":{"start":{"line":7,"column":0},"end":{"line":7,"column":16}},"6":{"start":{"line":8,"column":0},"end":{"line":8,"column":24}},"7":{"start":{"line":9,"column":0},"end":{"line":9,"column":23}},"8":{"start":{"line":10,"column":0},"end":{"line":10,"column":24}},"9":{"start":{"line":12,"column":0},"end":{"line":12,"column":21}}},"fnMap":{},"branchMap":{},"s":{"0":4,"1":4,"2":4,"3":4,"4":4,"5":4,"6":4,"7":4,"8":4,"9":4},"f":{},"b":{},"_coverageSchema":"1a1c01bbd47fc00a2c39e90264f33305004495a9","hash":"af97a82073ca9c14fe0b9db81b8965ae2dda812f"}
,"/Users/mymacbook/Documents/guz/angular/virtual-grocery-store/server/db/index.js": {"path":"/Users/mymacbook/Documents/guz/angular/virtual-grocery-store/server/db/index.js","statementMap":{"0":{"start":{"line":1,"column":17},"end":{"line":1,"column":30}},"1":{"start":{"line":2,"column":0},"end":{"line":2,"column":27}},"2":{"start":{"line":4,"column":13},"end":{"line":10,"column":2}},"3":{"start":{"line":12,"column":0},"end":{"line":12,"column":22}}},"fnMap":{},"branchMap":{"0":{"loc":{"start":{"line":5,"column":8},"end":{"line":5,"column":41}},"type":"binary-expr","locations":[{"start":{"line":5,"column":8},"end":{"line":5,"column":27}},{"start":{"line":5,"column":31},"end":{"line":5,"column":41}}],"line":5},"1":{"loc":{"start":{"line":6,"column":8},"end":{"line":6,"column":42}},"type":"binary-expr","locations":[{"start":{"line":6,"column":8},"end":{"line":6,"column":27}},{"start":{"line":6,"column":31},"end":{"line":6,"column":42}}],"line":6},"2":{"loc":{"start":{"line":7,"column":12},"end":{"line":7,"column":50}},"type":"binary-expr","locations":[{"start":{"line":7,"column":12},"end":{"line":7,"column":31}},{"start":{"line":7,"column":35},"end":{"line":7,"column":50}}],"line":7},"3":{"loc":{"start":{"line":8,"column":12},"end":{"line":8,"column":49}},"type":"binary-expr","locations":[{"start":{"line":8,"column":12},"end":{"line":8,"column":35}},{"start":{"line":8,"column":39},"end":{"line":8,"column":49}}],"line":8},"4":{"loc":{"start":{"line":9,"column":8},"end":{"line":9,"column":35}},"type":"binary-expr","locations":[{"start":{"line":9,"column":8},"end":{"line":9,"column":27}},{"start":{"line":9,"column":31},"end":{"line":9,"column":35}}],"line":9}},"s":{"0":4,"1":4,"2":4,"3":4},"f":{},"b":{"0":[4,0],"1":[4,0],"2":[4,0],"3":[4,0],"4":[4,0]},"_coverageSchema":"1a1c01bbd47fc00a2c39e90264f33305004495a9","hash":"de1aff8756f822f83b288707b42364af926d8f31"}
,"/Users/mymacbook/Documents/guz/angular/virtual-grocery-store/server/middlewares/auth.js": {"path":"/Users/mymacbook/Documents/guz/angular/virtual-grocery-store/server/middlewares/auth.js","statementMap":{"0":{"start":{"line":1,"column":12},"end":{"line":1,"column":35}},"1":{"start":{"line":3,"column":23},"end":{"line":13,"column":1}},"2":{"start":{"line":4,"column":21},"end":{"line":4,"column":49}},"3":{"start":{"line":5,"column":16},"end":{"line":5,"column":68}},"4":{"start":{"line":6,"column":2},"end":{"line":6,"column":77}},"5":{"start":{"line":6,"column":14},"end":{"line":6,"column":77}},"6":{"start":{"line":8,"column":2},"end":{"line":12,"column":5}},"7":{"start":{"line":9,"column":4},"end":{"line":9,"column":91}},"8":{"start":{"line":9,"column":13},"end":{"line":9,"column":91}},"9":{"start":{"line":10,"column":4},"end":{"line":10,"column":23}},"10":{"start":{"line":11,"column":4},"end":{"line":11,"column":11}},"11":{"start":{"line":15,"column":24},"end":{"line":19,"column":1}},"12":{"start":{"line":16,"column":2},"end":{"line":16,"column":84}},"13":{"start":{"line":16,"column":17},"end":{"line":16,"column":84}},"14":{"start":{"line":17,"column":2},"end":{"line":17,"column":91}},"15":{"start":{"line":17,"column":33},"end":{"line":17,"column":91}},"16":{"start":{"line":18,"column":2},"end":{"line":18,"column":9}},"17":{"start":{"line":21,"column":0},"end":{"line":21,"column":53}}},"fnMap":{"0":{"name":"(anonymous_0)","decl":{"start":{"line":3,"column":23},"end":{"line":3,"column":24}},"loc":{"start":{"line":3,"column":43},"end":{"line":13,"column":1}},"line":3},"1":{"name":"(anonymous_1)","decl":{"start":{"line":8,"column":44},"end":{"line":8,"column":45}},"loc":{"start":{"line":8,"column":62},"end":{"line":12,"column":3}},"line":8},"2":{"name":"(anonymous_2)","decl":{"start":{"line":15,"column":24},"end":{"line":15,"column":25}},"loc":{"start":{"line":15,"column":44},"end":{"line":19,"column":1}},"line":15}},"branchMap":{"0":{"loc":{"start":{"line":5,"column":16},"end":{"line":5,"column":68}},"type":"binary-expr","locations":[{"start":{"line":5,"column":16},"end":{"line":5,"column":60}},{"start":{"line":5,"column":64},"end":{"line":5,"column":68}}],"line":5},"1":{"loc":{"start":{"line":6,"column":2},"end":{"line":6,"column":77}},"type":"if","locations":[{"start":{"line":6,"column":2},"end":{"line":6,"column":77}},{"start":{},"end":{}}],"line":6},"2":{"loc":{"start":{"line":9,"column":4},"end":{"line":9,"column":91}},"type":"if","locations":[{"start":{"line":9,"column":4},"end":{"line":9,"column":91}},{"start":{},"end":{}}],"line":9},"3":{"loc":{"start":{"line":16,"column":2},"end":{"line":16,"column":84}},"type":"if","locations":[{"start":{"line":16,"column":2},"end":{"line":16,"column":84}},{"start":{},"end":{}}],"line":16},"4":{"loc":{"start":{"line":17,"column":2},"end":{"line":17,"column":91}},"type":"if","locations":[{"start":{"line":17,"column":2},"end":{"line":17,"column":91}},{"start":{},"end":{}}],"line":17}},"s":{"0":4,"1":4,"2":4,"3":4,"4":4,"5":1,"6":3,"7":3,"8":0,"9":3,"10":3,"11":4,"12":1,"13":0,"14":1,"15":0,"16":1,"17":4},"f":{"0":4,"1":3,"2":1},"b":{"0":[4,1],"1":[1,3],"2":[0,3],"3":[0,1],"4":[0,1]},"_coverageSchema":"1a1c01bbd47fc00a2c39e90264f33305004495a9","hash":"e3c8084015298cb2ec79fc916c17b7d3c9121cfa"}
,"/Users/mymacbook/Documents/guz/angular/virtual-grocery-store/server/routes/auth.js": {"path":"/Users/mymacbook/Documents/guz/angular/virtual-grocery-store/server/routes/auth.js","statementMap":{"0":{"start":{"line":1,"column":16},"end":{"line":1,"column":34}},"1":{"start":{"line":2,"column":15},"end":{"line":2,"column":34}},"2":{"start":{"line":3,"column":12},"end":{"line":3,"column":35}},"3":{"start":{"line":4,"column":13},"end":{"line":4,"column":29}},"4":{"start":{"line":6,"column":15},"end":{"line":6,"column":31}},"5":{"start":{"line":9,"column":0},"end":{"line":56,"column":3}},"6":{"start":{"line":10,"column":90},"end":{"line":10,"column":98}},"7":{"start":{"line":11,"column":2},"end":{"line":55,"column":3}},"8":{"start":{"line":12,"column":4},"end":{"line":12,"column":64}},"9":{"start":{"line":15,"column":21},"end":{"line":15,"column":84}},"10":{"start":{"line":16,"column":4},"end":{"line":19,"column":5}},"11":{"start":{"line":17,"column":6},"end":{"line":17,"column":49}},"12":{"start":{"line":18,"column":6},"end":{"line":18,"column":75}},"13":{"start":{"line":22,"column":19},"end":{"line":22,"column":50}},"14":{"start":{"line":23,"column":4},"end":{"line":23,"column":46}},"15":{"start":{"line":26,"column":19},"end":{"line":30,"column":5}},"16":{"start":{"line":32,"column":17},"end":{"line":32,"column":31}},"17":{"start":{"line":33,"column":4},"end":{"line":33,"column":55}},"18":{"start":{"line":36,"column":18},"end":{"line":36,"column":127}},"19":{"start":{"line":37,"column":4},"end":{"line":37,"column":44}},"20":{"start":{"line":39,"column":4},"end":{"line":47,"column":7}},"21":{"start":{"line":49,"column":4},"end":{"line":49,"column":44}},"22":{"start":{"line":50,"column":4},"end":{"line":54,"column":7}},"23":{"start":{"line":59,"column":0},"end":{"line":99,"column":3}},"24":{"start":{"line":60,"column":30},"end":{"line":60,"column":38}},"25":{"start":{"line":61,"column":2},"end":{"line":98,"column":3}},"26":{"start":{"line":62,"column":4},"end":{"line":62,"column":47}},"27":{"start":{"line":64,"column":21},"end":{"line":64,"column":84}},"28":{"start":{"line":65,"column":4},"end":{"line":68,"column":5}},"29":{"start":{"line":66,"column":6},"end":{"line":66,"column":52}},"30":{"start":{"line":67,"column":6},"end":{"line":67,"column":65}},"31":{"start":{"line":70,"column":17},"end":{"line":70,"column":24}},"32":{"start":{"line":71,"column":4},"end":{"line":71,"column":51}},"33":{"start":{"line":73,"column":18},"end":{"line":73,"column":63}},"34":{"start":{"line":74,"column":4},"end":{"line":77,"column":5}},"35":{"start":{"line":75,"column":6},"end":{"line":75,"column":49}},"36":{"start":{"line":76,"column":6},"end":{"line":76,"column":67}},"37":{"start":{"line":79,"column":18},"end":{"line":79,"column":127}},"38":{"start":{"line":80,"column":4},"end":{"line":80,"column":52}},"39":{"start":{"line":82,"column":4},"end":{"line":90,"column":7}},"40":{"start":{"line":92,"column":4},"end":{"line":92,"column":41}},"41":{"start":{"line":93,"column":4},"end":{"line":97,"column":7}},"42":{"start":{"line":102,"column":27},"end":{"line":102,"column":57}},"43":{"start":{"line":103,"column":0},"end":{"line":105,"column":3}},"44":{"start":{"line":104,"column":2},"end":{"line":104,"column":53}},"45":{"start":{"line":107,"column":0},"end":{"line":107,"column":24}}},"fnMap":{"0":{"name":"(anonymous_0)","decl":{"start":{"line":9,"column":25},"end":{"line":9,"column":26}},"loc":{"start":{"line":9,"column":45},"end":{"line":56,"column":1}},"line":9},"1":{"name":"(anonymous_1)","decl":{"start":{"line":59,"column":22},"end":{"line":59,"column":23}},"loc":{"start":{"line":59,"column":42},"end":{"line":99,"column":1}},"line":59},"2":{"name":"(anonymous_2)","decl":{"start":{"line":103,"column":36},"end":{"line":103,"column":37}},"loc":{"start":{"line":103,"column":50},"end":{"line":105,"column":1}},"line":103}},"branchMap":{"0":{"loc":{"start":{"line":16,"column":4},"end":{"line":19,"column":5}},"type":"if","locations":[{"start":{"line":16,"column":4},"end":{"line":19,"column":5}},{"start":{},"end":{}}],"line":16},"1":{"loc":{"start":{"line":29,"column":76},"end":{"line":29,"column":92}},"type":"binary-expr","locations":[{"start":{"line":29,"column":76},"end":{"line":29,"column":80}},{"start":{"line":29,"column":84},"end":{"line":29,"column":92}}],"line":29},"2":{"loc":{"start":{"line":36,"column":66},"end":{"line":36,"column":105}},"type":"binary-expr","locations":[{"start":{"line":36,"column":66},"end":{"line":36,"column":88}},{"start":{"line":36,"column":92},"end":{"line":36,"column":105}}],"line":36},"3":{"loc":{"start":{"line":65,"column":4},"end":{"line":68,"column":5}},"type":"if","locations":[{"start":{"line":65,"column":4},"end":{"line":68,"column":5}},{"start":{},"end":{}}],"line":65},"4":{"loc":{"start":{"line":74,"column":4},"end":{"line":77,"column":5}},"type":"if","locations":[{"start":{"line":74,"column":4},"end":{"line":77,"column":5}},{"start":{},"end":{}}],"line":74},"5":{"loc":{"start":{"line":79,"column":66},"end":{"line":79,"column":105}},"type":"binary-expr","locations":[{"start":{"line":79,"column":66},"end":{"line":79,"column":88}},{"start":{"line":79,"column":92},"end":{"line":79,"column":105}}],"line":79}},"s":{"0":4,"1":4,"2":4,"3":4,"4":4,"5":4,"6":3,"7":3,"8":3,"9":3,"10":3,"11":0,"12":0,"13":3,"14":3,"15":3,"16":3,"17":3,"18":3,"19":3,"20":3,"21":0,"22":0,"23":4,"24":3,"25":3,"26":3,"27":3,"28":3,"29":0,"30":0,"31":3,"32":3,"33":3,"34":3,"35":0,"36":0,"37":3,"38":3,"39":3,"40":0,"41":0,"42":4,"43":4,"44":0,"45":4},"f":{"0":3,"1":3,"2":0},"b":{"0":[0,3],"1":[3,0],"2":[3,0],"3":[0,3],"4":[0,3],"5":[3,0]},"_coverageSchema":"1a1c01bbd47fc00a2c39e90264f33305004495a9","hash":"701e6255d666d19ff24c02ef607cb0ddb0b693b0"}
,"/Users/mymacbook/Documents/guz/angular/virtual-grocery-store/server/routes/cart.js": {"path":"/Users/mymacbook/Documents/guz/angular/virtual-grocery-store/server/routes/cart.js","statementMap":{"0":{"start":{"line":1,"column":16},"end":{"line":1,"column":34}},"1":{"start":{"line":2,"column":13},"end":{"line":2,"column":29}},"2":{"start":{"line":3,"column":27},"end":{"line":3,"column":57}},"3":{"start":{"line":5,"column":15},"end":{"line":5,"column":31}},"4":{"start":{"line":8,"column":0},"end":{"line":15,"column":3}},"5":{"start":{"line":9,"column":2},"end":{"line":14,"column":3}},"6":{"start":{"line":10,"column":21},"end":{"line":10,"column":113}},"7":{"start":{"line":11,"column":4},"end":{"line":11,"column":80}},"8":{"start":{"line":13,"column":4},"end":{"line":13,"column":81}},"9":{"start":{"line":18,"column":0},"end":{"line":32,"column":3}},"10":{"start":{"line":19,"column":42},"end":{"line":19,"column":50}},"11":{"start":{"line":20,"column":2},"end":{"line":21,"column":63}},"12":{"start":{"line":21,"column":4},"end":{"line":21,"column":63}},"13":{"start":{"line":23,"column":2},"end":{"line":31,"column":3}},"14":{"start":{"line":24,"column":4},"end":{"line":27,"column":6}},"15":{"start":{"line":28,"column":4},"end":{"line":28,"column":52}},"16":{"start":{"line":30,"column":4},"end":{"line":30,"column":79}},"17":{"start":{"line":34,"column":0},"end":{"line":34,"column":24}}},"fnMap":{"0":{"name":"(anonymous_0)","decl":{"start":{"line":8,"column":37},"end":{"line":8,"column":38}},"loc":{"start":{"line":8,"column":57},"end":{"line":15,"column":1}},"line":8},"1":{"name":"(anonymous_1)","decl":{"start":{"line":18,"column":43},"end":{"line":18,"column":44}},"loc":{"start":{"line":18,"column":63},"end":{"line":32,"column":1}},"line":18}},"branchMap":{"0":{"loc":{"start":{"line":20,"column":2},"end":{"line":21,"column":63}},"type":"if","locations":[{"start":{"line":20,"column":2},"end":{"line":21,"column":63}},{"start":{},"end":{}}],"line":20},"1":{"loc":{"start":{"line":20,"column":6},"end":{"line":20,"column":62}},"type":"binary-expr","locations":[{"start":{"line":20,"column":6},"end":{"line":20,"column":17}},{"start":{"line":20,"column":21},"end":{"line":20,"column":41}},{"start":{"line":20,"column":45},"end":{"line":20,"column":62}}],"line":20}},"s":{"0":4,"1":4,"2":4,"3":4,"4":4,"5":1,"6":1,"7":1,"8":0,"9":4,"10":1,"11":1,"12":0,"13":1,"14":1,"15":1,"16":0,"17":4},"f":{"0":1,"1":1},"b":{"0":[0,1],"1":[1,1,1]},"_coverageSchema":"1a1c01bbd47fc00a2c39e90264f33305004495a9","hash":"56a9053f8a368f87f1711c94263fcf475df326ed"}
,"/Users/mymacbook/Documents/guz/angular/virtual-grocery-store/server/routes/index.js": {"path":"/Users/mymacbook/Documents/guz/angular/virtual-grocery-store/server/routes/index.js","statementMap":{"0":{"start":{"line":1,"column":16},"end":{"line":1,"column":34}},"1":{"start":{"line":2,"column":19},"end":{"line":2,"column":36}},"2":{"start":{"line":3,"column":22},"end":{"line":3,"column":43}},"3":{"start":{"line":4,"column":19},"end":{"line":4,"column":36}},"4":{"start":{"line":6,"column":15},"end":{"line":6,"column":31}},"5":{"start":{"line":8,"column":0},"end":{"line":8,"column":32}},"6":{"start":{"line":9,"column":0},"end":{"line":9,"column":31}},"7":{"start":{"line":10,"column":0},"end":{"line":10,"column":28}},"8":{"start":{"line":12,"column":0},"end":{"line":12,"column":24}}},"fnMap":{},"branchMap":{},"s":{"0":4,"1":4,"2":4,"3":4,"4":4,"5":4,"6":4,"7":4,"8":4},"f":{},"b":{},"_coverageSchema":"1a1c01bbd47fc00a2c39e90264f33305004495a9","hash":"179b7020e17067cfde134ca1d91e183b7861f216"}
,"/Users/mymacbook/Documents/guz/angular/virtual-grocery-store/server/routes/products.js": {"path":"/Users/mymacbook/Documents/guz/angular/virtual-grocery-store/server/routes/products.js","statementMap":{"0":{"start":{"line":1,"column":16},"end":{"line":1,"column":34}},"1":{"start":{"line":2,"column":13},"end":{"line":2,"column":29}},"2":{"start":{"line":3,"column":44},"end":{"line":3,"column":74}},"3":{"start":{"line":5,"column":15},"end":{"line":5,"column":31}},"4":{"start":{"line":7,"column":25},"end":{"line":13,"column":1}},"5":{"start":{"line":16,"column":0},"end":{"line":26,"column":3}},"6":{"start":{"line":17,"column":2},"end":{"line":25,"column":3}},"7":{"start":{"line":18,"column":21},"end":{"line":21,"column":5}},"8":{"start":{"line":22,"column":4},"end":{"line":22,"column":133}},"9":{"start":{"line":22,"column":28},"end":{"line":22,"column":129}},"10":{"start":{"line":24,"column":4},"end":{"line":24,"column":85}},"11":{"start":{"line":29,"column":0},"end":{"line":41,"column":3}},"12":{"start":{"line":30,"column":2},"end":{"line":40,"column":3}},"13":{"start":{"line":31,"column":25},"end":{"line":31,"column":35}},"14":{"start":{"line":32,"column":21},"end":{"line":36,"column":5}},"15":{"start":{"line":37,"column":4},"end":{"line":37,"column":133}},"16":{"start":{"line":37,"column":28},"end":{"line":37,"column":129}},"17":{"start":{"line":39,"column":4},"end":{"line":39,"column":88}},"18":{"start":{"line":44,"column":24},"end":{"line":50,"column":1}},"19":{"start":{"line":45,"column":53},"end":{"line":45,"column":61}},"20":{"start":{"line":46,"column":2},"end":{"line":48,"column":3}},"21":{"start":{"line":47,"column":4},"end":{"line":47,"column":63}},"22":{"start":{"line":49,"column":2},"end":{"line":49,"column":9}},"23":{"start":{"line":52,"column":0},"end":{"line":66,"column":3}},"24":{"start":{"line":53,"column":2},"end":{"line":65,"column":3}},"25":{"start":{"line":54,"column":55},"end":{"line":54,"column":63}},"26":{"start":{"line":55,"column":23},"end":{"line":55,"column":49}},"27":{"start":{"line":56,"column":4},"end":{"line":56,"column":82}},"28":{"start":{"line":56,"column":21},"end":{"line":56,"column":82}},"29":{"start":{"line":58,"column":21},"end":{"line":61,"column":5}},"30":{"start":{"line":62,"column":4},"end":{"line":62,"column":134}},"31":{"start":{"line":64,"column":4},"end":{"line":64,"column":84}},"32":{"start":{"line":68,"column":0},"end":{"line":68,"column":24}}},"fnMap":{"0":{"name":"(anonymous_0)","decl":{"start":{"line":16,"column":24},"end":{"line":16,"column":25}},"loc":{"start":{"line":16,"column":44},"end":{"line":26,"column":1}},"line":16},"1":{"name":"(anonymous_1)","decl":{"start":{"line":22,"column":22},"end":{"line":22,"column":23}},"loc":{"start":{"line":22,"column":28},"end":{"line":22,"column":129}},"line":22},"2":{"name":"(anonymous_2)","decl":{"start":{"line":29,"column":43},"end":{"line":29,"column":44}},"loc":{"start":{"line":29,"column":63},"end":{"line":41,"column":1}},"line":29},"3":{"name":"(anonymous_3)","decl":{"start":{"line":37,"column":22},"end":{"line":37,"column":23}},"loc":{"start":{"line":37,"column":28},"end":{"line":37,"column":129}},"line":37},"4":{"name":"(anonymous_4)","decl":{"start":{"line":44,"column":24},"end":{"line":44,"column":25}},"loc":{"start":{"line":44,"column":44},"end":{"line":50,"column":1}},"line":44},"5":{"name":"(anonymous_5)","decl":{"start":{"line":52,"column":75},"end":{"line":52,"column":76}},"loc":{"start":{"line":52,"column":95},"end":{"line":66,"column":1}},"line":52}},"branchMap":{"0":{"loc":{"start":{"line":46,"column":2},"end":{"line":48,"column":3}},"type":"if","locations":[{"start":{"line":46,"column":2},"end":{"line":48,"column":3}},{"start":{},"end":{}}],"line":46},"1":{"loc":{"start":{"line":46,"column":6},"end":{"line":46,"column":79}},"type":"binary-expr","locations":[{"start":{"line":46,"column":6},"end":{"line":46,"column":11}},{"start":{"line":46,"column":15},"end":{"line":46,"column":32}},{"start":{"line":46,"column":36},"end":{"line":46,"column":42}},{"start":{"line":46,"column":46},"end":{"line":46,"column":55}},{"start":{"line":46,"column":59},"end":{"line":46,"column":79}}],"line":46},"2":{"loc":{"start":{"line":56,"column":4},"end":{"line":56,"column":82}},"type":"if","locations":[{"start":{"line":56,"column":4},"end":{"line":56,"column":82}},{"start":{},"end":{}}],"line":56}},"s":{"0":4,"1":4,"2":4,"3":4,"4":4,"5":4,"6":1,"7":1,"8":1,"9":26,"10":0,"11":4,"12":0,"13":0,"14":0,"15":0,"16":0,"17":0,"18":4,"19":1,"20":1,"21":0,"22":1,"23":4,"24":1,"25":1,"26":1,"27":1,"28":0,"29":1,"30":1,"31":0,"32":4},"f":{"0":1,"1":26,"2":0,"3":0,"4":1,"5":1},"b":{"0":[0,1],"1":[1,1,1,1,1],"2":[0,1]},"_coverageSchema":"1a1c01bbd47fc00a2c39e90264f33305004495a9","hash":"40d46bf91df3bbaab11216fc16020095ed04d710"}
}
