TN:
SF:app.js
FNF:0
FNH:0
DA:1,4
DA:2,4
DA:3,4
DA:4,4
DA:6,4
DA:7,4
DA:8,4
DA:9,4
DA:10,4
DA:12,4
LF:10
LH:10
BRF:0
BRH:0
end_of_record
TN:
SF:db/index.js
FNF:0
FNH:0
DA:1,4
DA:2,4
DA:4,4
DA:12,4
LF:4
LH:4
BRDA:5,0,0,4
BRDA:5,0,1,0
BRDA:6,1,0,4
BRDA:6,1,1,0
BRDA:7,2,0,4
BRDA:7,2,1,0
BRDA:8,3,0,4
BRDA:8,3,1,0
BRDA:9,4,0,4
BRDA:9,4,1,0
BRF:10
BRH:5
end_of_record
TN:
SF:middlewares/auth.js
FN:3,(anonymous_0)
FN:8,(anonymous_1)
FN:15,(anonymous_2)
FNF:3
FNH:3
FNDA:4,(anonymous_0)
FNDA:3,(anonymous_1)
FNDA:1,(anonymous_2)
DA:1,4
DA:3,4
DA:4,4
DA:5,4
DA:6,4
DA:8,3
DA:9,3
DA:10,3
DA:11,3
DA:15,4
DA:16,1
DA:17,1
DA:18,1
DA:21,4
LF:14
LH:14
BRDA:5,0,0,4
BRDA:5,0,1,1
BRDA:6,1,0,1
BRDA:6,1,1,3
BRDA:9,2,0,0
BRDA:9,2,1,3
BRDA:16,3,0,0
BRDA:16,3,1,1
BRDA:17,4,0,0
BRDA:17,4,1,1
BRF:10
BRH:7
end_of_record
TN:
SF:routes/auth.js
FN:9,(anonymous_0)
FN:59,(anonymous_1)
FN:103,(anonymous_2)
FNF:3
FNH:2
FNDA:3,(anonymous_0)
FNDA:3,(anonymous_1)
FNDA:0,(anonymous_2)
DA:1,4
DA:2,4
DA:3,4
DA:4,4
DA:6,4
DA:9,4
DA:10,3
DA:11,3
DA:12,3
DA:15,3
DA:16,3
DA:17,0
DA:18,0
DA:22,3
DA:23,3
DA:26,3
DA:32,3
DA:33,3
DA:36,3
DA:37,3
DA:39,3
DA:49,0
DA:50,0
DA:59,4
DA:60,3
DA:61,3
DA:62,3
DA:64,3
DA:65,3
DA:66,0
DA:67,0
DA:70,3
DA:71,3
DA:73,3
DA:74,3
DA:75,0
DA:76,0
DA:79,3
DA:80,3
DA:82,3
DA:92,0
DA:93,0
DA:102,4
DA:103,4
DA:104,0
DA:107,4
LF:46
LH:35
BRDA:16,0,0,0
BRDA:16,0,1,3
BRDA:29,1,0,3
BRDA:29,1,1,0
BRDA:36,2,0,3
BRDA:36,2,1,0
BRDA:65,3,0,0
BRDA:65,3,1,3
BRDA:74,4,0,0
BRDA:74,4,1,3
BRDA:79,5,0,3
BRDA:79,5,1,0
BRF:12
BRH:6
end_of_record
TN:
SF:routes/cart.js
FN:8,(anonymous_0)
FN:18,(anonymous_1)
FNF:2
FNH:2
FNDA:1,(anonymous_0)
FNDA:1,(anonymous_1)
DA:1,4
DA:2,4
DA:3,4
DA:5,4
DA:8,4
DA:9,1
DA:10,1
DA:11,1
DA:13,0
DA:18,4
DA:19,1
DA:20,1
DA:21,0
DA:23,1
DA:24,1
DA:28,1
DA:30,0
DA:34,4
LF:18
LH:15
BRDA:20,0,0,0
BRDA:20,0,1,1
BRDA:20,1,0,1
BRDA:20,1,1,1
BRDA:20,1,2,1
BRF:5
BRH:4
end_of_record
TN:
SF:routes/index.js
FNF:0
FNH:0
DA:1,4
DA:2,4
DA:3,4
DA:4,4
DA:6,4
DA:8,4
DA:9,4
DA:10,4
DA:12,4
LF:9
LH:9
BRF:0
BRH:0
end_of_record
TN:
SF:routes/products.js
FN:16,(anonymous_0)
FN:22,(anonymous_1)
FN:29,(anonymous_2)
FN:37,(anonymous_3)
FN:44,(anonymous_4)
FN:52,(anonymous_5)
FNF:6
FNH:4
FNDA:1,(anonymous_0)
FNDA:26,(anonymous_1)
FNDA:0,(anonymous_2)
FNDA:0,(anonymous_3)
FNDA:1,(anonymous_4)
FNDA:1,(anonymous_5)
DA:1,4
DA:2,4
DA:3,4
DA:5,4
DA:7,4
DA:16,4
DA:17,1
DA:18,1
DA:22,26
DA:24,0
DA:29,4
DA:30,0
DA:31,0
DA:32,0
DA:37,0
DA:39,0
DA:44,4
DA:45,1
DA:46,1
DA:47,0
DA:49,1
DA:52,4
DA:53,1
DA:54,1
DA:55,1
DA:56,1
DA:58,1
DA:62,1
DA:64,0
DA:68,4
LF:30
LH:22
BRDA:46,0,0,0
BRDA:46,0,1,1
BRDA:46,1,0,1
BRDA:46,1,1,1
BRDA:46,1,2,1
BRDA:46,1,3,1
BRDA:46,1,4,1
BRDA:56,2,0,0
BRDA:56,2,1,1
BRF:9
BRH:7
end_of_record
